<?xml version="1.0" encoding="UTF-8"?>
<testng-results skipped="0" failed="0" total="1" passed="1">
  <reporter-output>
  </reporter-output>
  <suite name="Default suite" duration-ms="1281" started-at="2016-11-24T11:22:28Z" finished-at="2016-11-24T11:22:30Z">
    <groups>
    </groups>
    <test name="Default test" duration-ms="1281" started-at="2016-11-24T11:22:28Z" finished-at="2016-11-24T11:22:30Z">
      <class name="git_project.DragAndDrop">
        <test-method status="PASS" signature="drag_the_square()[pri:0, instance:git_project.DragAndDrop@638ef7ed]" name="drag_the_square" duration-ms="1267" started-at="2016-11-24T12:22:29Z" finished-at="2016-11-24T12:22:30Z">
          <reporter-output>
          </reporter-output>
        </test-method> <!-- drag_the_square -->
      </class> <!-- git_project.DragAndDrop -->
    </test> <!-- Default test -->
  </suite> <!-- Default suite -->
</testng-results>
